2022-03-04 16:40:45.818 == vol == [ restartedMain ] - [ INFO  ] [ com.example.BioBank.BiologyModelApplication : 55 ] - Starting BiologyModelApplication using Java 1.8.0_281 on LAPTOP-F7V96UK6 with PID 2376 (C:\Users\ZWH\Desktop\BioBank\target\classes started by ZWH in C:\Users\ZWH\Desktop\BioBank)
2022-03-04 16:40:45.824 == vol == [ restartedMain ] - [ DEBUG ] [ com.example.BioBank.BiologyModelApplication : 56 ] - Running with Spring Boot v2.4.0, Spring v5.3.1
2022-03-04 16:40:45.824 == vol == [ restartedMain ] - [ INFO  ] [ com.example.BioBank.BiologyModelApplication : 664 ] - The following profiles are active: dev
2022-03-04 16:40:48.460 == vol == [ restartedMain ] - [ INFO  ] [ org.apache.coyote.http11.Http11NioProtocol : 173 ] - Initializing ProtocolHandler ["http-nio-8080"]
2022-03-04 16:40:48.461 == vol == [ restartedMain ] - [ INFO  ] [ org.apache.catalina.core.StandardService : 173 ] - Starting service [Tomcat]
2022-03-04 16:40:48.461 == vol == [ restartedMain ] - [ INFO  ] [ org.apache.catalina.core.StandardEngine : 173 ] - Starting Servlet engine: [Apache Tomcat/9.0.39]
2022-03-04 16:40:48.545 == vol == [ restartedMain ] - [ INFO  ] [ o.a.c.c.C.[Tomcat].[localhost].[/BioBank] : 173 ] - Initializing Spring embedded WebApplicationContext
2022-03-04 16:40:48.811 == vol == [ task-1 ] - [ INFO  ] [ org.hibernate.jpa.internal.util.LogHelper : 31 ] - HHH000204: Processing PersistenceUnitInfo [name: default]
2022-03-04 16:40:48.867 == vol == [ task-1 ] - [ INFO  ] [ org.hibernate.Version : 44 ] - HHH000412: Hibernate ORM core version 5.4.23.Final
2022-03-04 16:40:49.016 == vol == [ task-1 ] - [ INFO  ] [ org.hibernate.annotations.common.Version : 56 ] - HCANN000001: Hibernate Commons Annotations {5.1.2.Final}
2022-03-04 16:40:49.139 == vol == [ task-1 ] - [ INFO  ] [ com.zaxxer.hikari.HikariDataSource : 110 ] - HikariPool-1 - Starting...
2022-03-04 16:40:49.479 == vol == [ task-1 ] - [ INFO  ] [ com.zaxxer.hikari.HikariDataSource : 123 ] - HikariPool-1 - Start completed.
2022-03-04 16:40:49.500 == vol == [ task-1 ] - [ INFO  ] [ org.hibernate.dialect.Dialect : 170 ] - HHH000400: Using dialect: org.hibernate.dialect.MySQL57Dialect
2022-03-04 16:40:50.517 == vol == [ restartedMain ] - [ INFO  ] [ s.d.s.w.PropertySourcedRequestMappingHandlerMapping : 69 ] - Mapped URL path [/v2/api-docs] onto method [springfox.documentation.swagger2.web.Swagger2Controller#getDocumentation(String, HttpServletRequest)]
2022-03-04 16:40:51.432 == vol == [ restartedMain ] - [ INFO  ] [ org.apache.coyote.http11.Http11NioProtocol : 173 ] - Starting ProtocolHandler ["http-nio-8080"]
2022-03-04 16:40:51.579 == vol == [ task-1 ] - [ INFO  ] [ o.h.e.t.jta.platform.internal.JtaPlatformInitiator : 52 ] - HHH000490: Using JtaPlatform implementation: [org.hibernate.engine.transaction.jta.platform.internal.NoJtaPlatform]
2022-03-04 16:40:51.623 == vol == [ restartedMain ] - [ INFO  ] [ s.d.s.web.plugins.DocumentationPluginsBootstrapper : 151 ] - Context refreshed
2022-03-04 16:40:51.648 == vol == [ restartedMain ] - [ INFO  ] [ s.d.s.web.plugins.DocumentationPluginsBootstrapper : 154 ] - Found 1 custom documentation plugin(s)
2022-03-04 16:40:51.705 == vol == [ restartedMain ] - [ INFO  ] [ s.d.spring.web.scanners.ApiListingReferenceScanner : 41 ] - Scanning for api listing references
2022-03-04 16:40:52.024 == vol == [ restartedMain ] - [ INFO  ] [ s.d.s.w.r.operation.CachingOperationNameGenerator : 40 ] - Generating unique operation named: deleteActivityNewsByNewsIdUsingPOST_1
2022-03-04 16:40:52.055 == vol == [ restartedMain ] - [ INFO  ] [ s.d.s.w.r.operation.CachingOperationNameGenerator : 40 ] - Generating unique operation named: addCommentUsingPOST_1
2022-03-04 16:40:52.058 == vol == [ restartedMain ] - [ INFO  ] [ s.d.s.w.r.operation.CachingOperationNameGenerator : 40 ] - Generating unique operation named: deleteActivityNewsByNewsIdUsingPOST_2
2022-03-04 16:40:52.072 == vol == [ restartedMain ] - [ INFO  ] [ s.d.s.w.r.operation.CachingOperationNameGenerator : 40 ] - Generating unique operation named: updateCommentTextUsingPOST_1
2022-03-04 16:40:52.112 == vol == [ restartedMain ] - [ INFO  ] [ s.d.s.w.r.operation.CachingOperationNameGenerator : 40 ] - Generating unique operation named: updateCommentLikeNumberUsingPOST_1
2022-03-04 16:40:52.117 == vol == [ restartedMain ] - [ INFO  ] [ s.d.s.w.r.operation.CachingOperationNameGenerator : 40 ] - Generating unique operation named: addSwiperUsingPOST_1
2022-03-04 16:40:52.119 == vol == [ restartedMain ] - [ INFO  ] [ s.d.s.w.r.operation.CachingOperationNameGenerator : 40 ] - Generating unique operation named: deleteSwiperByIdUsingPOST_1
2022-03-04 16:40:52.125 == vol == [ restartedMain ] - [ INFO  ] [ s.d.s.w.r.operation.CachingOperationNameGenerator : 40 ] - Generating unique operation named: getSwiperByNumberUsingGET_1
2022-03-04 16:40:52.127 == vol == [ restartedMain ] - [ INFO  ] [ s.d.s.w.r.operation.CachingOperationNameGenerator : 40 ] - Generating unique operation named: getSwiperByPriorityUsingGET_1
2022-03-04 16:40:52.129 == vol == [ restartedMain ] - [ INFO  ] [ s.d.s.w.r.operation.CachingOperationNameGenerator : 40 ] - Generating unique operation named: updateCommentLikeNumberUsingPOST_2
2022-03-04 16:40:52.130 == vol == [ restartedMain ] - [ INFO  ] [ s.d.s.w.r.operation.CachingOperationNameGenerator : 40 ] - Generating unique operation named: updateSwiperTextUsingPOST_1
2022-03-04 16:40:52.221 == vol == [ restartedMain ] - [ INFO  ] [ s.d.s.w.r.operation.CachingOperationNameGenerator : 40 ] - Generating unique operation named: updateCommentTextUsingPOST_2
2022-03-04 16:40:52.367 == vol == [ restartedMain ] - [ INFO  ] [ com.example.BioBank.BiologyModelApplication : 61 ] - Started BiologyModelApplication in 6.968 seconds (JVM running for 8.607)
2022-03-04 18:22:38.210 == vol == [ restartedMain ] - [ INFO  ] [ com.example.BioBank.BiologyModelApplication : 55 ] - Starting BiologyModelApplication using Java 1.8.0_281 on LAPTOP-F7V96UK6 with PID 17252 (C:\Users\ZWH\Desktop\BioBank\target\classes started by ZWH in C:\Users\ZWH\Desktop\BioBank)
2022-03-04 18:22:38.212 == vol == [ restartedMain ] - [ DEBUG ] [ com.example.BioBank.BiologyModelApplication : 56 ] - Running with Spring Boot v2.4.0, Spring v5.3.1
2022-03-04 18:22:38.212 == vol == [ restartedMain ] - [ INFO  ] [ com.example.BioBank.BiologyModelApplication : 664 ] - The following profiles are active: dev
2022-03-04 18:22:40.274 == vol == [ restartedMain ] - [ INFO  ] [ org.apache.coyote.http11.Http11NioProtocol : 173 ] - Initializing ProtocolHandler ["http-nio-8080"]
2022-03-04 18:22:40.274 == vol == [ restartedMain ] - [ INFO  ] [ org.apache.catalina.core.StandardService : 173 ] - Starting service [Tomcat]
2022-03-04 18:22:40.274 == vol == [ restartedMain ] - [ INFO  ] [ org.apache.catalina.core.StandardEngine : 173 ] - Starting Servlet engine: [Apache Tomcat/9.0.39]
2022-03-04 18:22:40.358 == vol == [ restartedMain ] - [ INFO  ] [ o.a.c.c.C.[Tomcat].[localhost].[/BioBank] : 173 ] - Initializing Spring embedded WebApplicationContext
2022-03-04 18:22:40.576 == vol == [ task-1 ] - [ INFO  ] [ org.hibernate.jpa.internal.util.LogHelper : 31 ] - HHH000204: Processing PersistenceUnitInfo [name: default]
2022-03-04 18:22:40.638 == vol == [ task-1 ] - [ INFO  ] [ org.hibernate.Version : 44 ] - HHH000412: Hibernate ORM core version 5.4.23.Final
2022-03-04 18:22:40.771 == vol == [ task-1 ] - [ INFO  ] [ org.hibernate.annotations.common.Version : 56 ] - HCANN000001: Hibernate Commons Annotations {5.1.2.Final}
2022-03-04 18:22:40.867 == vol == [ task-1 ] - [ INFO  ] [ com.zaxxer.hikari.HikariDataSource : 110 ] - HikariPool-1 - Starting...
2022-03-04 18:22:41.023 == vol == [ task-1 ] - [ INFO  ] [ com.zaxxer.hikari.HikariDataSource : 123 ] - HikariPool-1 - Start completed.
2022-03-04 18:22:41.043 == vol == [ task-1 ] - [ INFO  ] [ org.hibernate.dialect.Dialect : 170 ] - HHH000400: Using dialect: org.hibernate.dialect.MySQL57Dialect
2022-03-04 18:22:41.695 == vol == [ restartedMain ] - [ INFO  ] [ s.d.s.w.PropertySourcedRequestMappingHandlerMapping : 69 ] - Mapped URL path [/v2/api-docs] onto method [springfox.documentation.swagger2.web.Swagger2Controller#getDocumentation(String, HttpServletRequest)]
2022-03-04 18:22:41.767 == vol == [ task-1 ] - [ INFO  ] [ o.h.e.t.jta.platform.internal.JtaPlatformInitiator : 52 ] - HHH000490: Using JtaPlatform implementation: [org.hibernate.engine.transaction.jta.platform.internal.NoJtaPlatform]
2022-03-04 18:22:42.223 == vol == [ restartedMain ] - [ INFO  ] [ org.apache.coyote.http11.Http11NioProtocol : 173 ] - Starting ProtocolHandler ["http-nio-8080"]
2022-03-04 18:22:42.239 == vol == [ restartedMain ] - [ INFO  ] [ s.d.s.web.plugins.DocumentationPluginsBootstrapper : 151 ] - Context refreshed
2022-03-04 18:22:42.257 == vol == [ restartedMain ] - [ INFO  ] [ s.d.s.web.plugins.DocumentationPluginsBootstrapper : 154 ] - Found 1 custom documentation plugin(s)
2022-03-04 18:22:42.283 == vol == [ restartedMain ] - [ INFO  ] [ s.d.spring.web.scanners.ApiListingReferenceScanner : 41 ] - Scanning for api listing references
2022-03-04 18:22:42.441 == vol == [ restartedMain ] - [ INFO  ] [ s.d.s.w.r.operation.CachingOperationNameGenerator : 40 ] - Generating unique operation named: deleteActivityNewsByNewsIdUsingPOST_1
2022-03-04 18:22:42.461 == vol == [ restartedMain ] - [ INFO  ] [ s.d.s.w.r.operation.CachingOperationNameGenerator : 40 ] - Generating unique operation named: addCommentUsingPOST_1
2022-03-04 18:22:42.463 == vol == [ restartedMain ] - [ INFO  ] [ s.d.s.w.r.operation.CachingOperationNameGenerator : 40 ] - Generating unique operation named: deleteActivityNewsByNewsIdUsingPOST_2
2022-03-04 18:22:42.473 == vol == [ restartedMain ] - [ INFO  ] [ s.d.s.w.r.operation.CachingOperationNameGenerator : 40 ] - Generating unique operation named: updateCommentTextUsingPOST_1
2022-03-04 18:22:42.524 == vol == [ restartedMain ] - [ INFO  ] [ com.example.BioBank.BiologyModelApplication : 61 ] - Started BiologyModelApplication in 4.748 seconds (JVM running for 6.381)
2022-03-04 21:17:49.320 == vol == [ http-nio-8080-exec-2 ] - [ INFO  ] [ o.a.c.c.C.[Tomcat].[localhost].[/BioBank] : 173 ] - Initializing Spring DispatcherServlet 'dispatcherServlet'
2022-03-04 21:18:14.048 == vol == [ http-nio-8080-exec-3 ] - [ DEBUG ] [ c.example.BioBank.Dao.UserInfoDao.getUserInfoByTel : 137 ] - ==>  Preparing: SELECT user_id as userId, user_name as userName, birthday, priority, major, head_picture as headPicture, address, tel, qq, mail_address as mailAddress, gender, introduction, credits FROM user_info WHERE tel = ?
2022-03-04 21:18:14.117 == vol == [ http-nio-8080-exec-3 ] - [ DEBUG ] [ c.example.BioBank.Dao.UserInfoDao.getUserInfoByTel : 137 ] - ==> Parameters: 15082361803(String)
2022-03-04 21:18:14.160 == vol == [ http-nio-8080-exec-3 ] - [ DEBUG ] [ c.example.BioBank.Dao.UserInfoDao.getUserInfoByTel : 137 ] - <==      Total: 1
2022-03-04 22:14:32.383 == vol == [ http-nio-8080-exec-5 ] - [ DEBUG ] [ c.example.BioBank.Dao.UserInfoDao.getUserInfoByTel : 137 ] - ==>  Preparing: SELECT user_id as userId, user_name as userName, birthday, priority, major, head_picture as headPicture, address, tel, qq, mail_address as mailAddress, gender, introduction, credits FROM user_info WHERE tel = ?
2022-03-04 22:14:32.390 == vol == [ http-nio-8080-exec-5 ] - [ DEBUG ] [ c.example.BioBank.Dao.UserInfoDao.getUserInfoByTel : 137 ] - ==> Parameters: 15082361811(String)
2022-03-04 22:14:32.393 == vol == [ http-nio-8080-exec-5 ] - [ DEBUG ] [ c.example.BioBank.Dao.UserInfoDao.getUserInfoByTel : 137 ] - <==      Total: 0
2022-03-04 22:14:32.430 == vol == [ http-nio-8080-exec-5 ] - [ DEBUG ] [ com.example.BioBank.Dao.UserDao.insertUser : 137 ] - ==>  Preparing: INSERT INTO user(password,tel,priority,email) VALUES (?,?,?,?);
2022-03-04 22:14:32.432 == vol == [ http-nio-8080-exec-5 ] - [ DEBUG ] [ com.example.BioBank.Dao.UserDao.insertUser : 137 ] - ==> Parameters: null, 15082361811(String), 0(Integer), null
2022-03-04 22:14:32.444 == vol == [ http-nio-8080-exec-5 ] - [ DEBUG ] [ com.example.BioBank.Dao.UserDao.insertUser : 137 ] - <==    Updates: 1
2022-03-04 22:14:32.449 == vol == [ http-nio-8080-exec-5 ] - [ DEBUG ] [ com.example.BioBank.Dao.UserInfoDao.addUserInfo : 137 ] - ==>  Preparing: INSERT INTO user_info(user_name, priority, tel) VALUES(?, ?, ?)
2022-03-04 22:14:32.450 == vol == [ http-nio-8080-exec-5 ] - [ DEBUG ] [ com.example.BioBank.Dao.UserInfoDao.addUserInfo : 137 ] - ==> Parameters: 生物样品库工作人员60146(String), 普通用户(String), 15082361811(String)
2022-03-04 22:14:32.454 == vol == [ http-nio-8080-exec-5 ] - [ DEBUG ] [ com.example.BioBank.Dao.UserInfoDao.addUserInfo : 137 ] - <==    Updates: 1
2022-03-04 22:14:32.473 == vol == [ http-nio-8080-exec-5 ] - [ DEBUG ] [ c.example.BioBank.Dao.UserInfoDao.getUserInfoByTel : 137 ] - ==>  Preparing: SELECT user_id as userId, user_name as userName, birthday, priority, major, head_picture as headPicture, address, tel, qq, mail_address as mailAddress, gender, introduction, credits FROM user_info WHERE tel = ?
2022-03-04 22:14:32.474 == vol == [ http-nio-8080-exec-5 ] - [ DEBUG ] [ c.example.BioBank.Dao.UserInfoDao.getUserInfoByTel : 137 ] - ==> Parameters: 15082361811(String)
2022-03-04 22:14:32.477 == vol == [ http-nio-8080-exec-5 ] - [ DEBUG ] [ c.example.BioBank.Dao.UserInfoDao.getUserInfoByTel : 137 ] - <==      Total: 1
2022-03-04 22:15:14.671 == vol == [ http-nio-8080-exec-7 ] - [ DEBUG ] [ c.example.BioBank.Dao.UserInfoDao.getUserInfoByTel : 137 ] - ==>  Preparing: SELECT user_id as userId, user_name as userName, birthday, priority, major, head_picture as headPicture, address, tel, qq, mail_address as mailAddress, gender, introduction, credits FROM user_info WHERE tel = ?
2022-03-04 22:15:14.672 == vol == [ http-nio-8080-exec-7 ] - [ DEBUG ] [ c.example.BioBank.Dao.UserInfoDao.getUserInfoByTel : 137 ] - ==> Parameters: 15082361803(String)
2022-03-04 22:15:14.673 == vol == [ http-nio-8080-exec-7 ] - [ DEBUG ] [ c.example.BioBank.Dao.UserInfoDao.getUserInfoByTel : 137 ] - <==      Total: 1
2022-03-04 22:24:51.678 == vol == [ http-nio-8080-exec-9 ] - [ DEBUG ] [ c.example.BioBank.Dao.UserInfoDao.getUserInfoByTel : 137 ] - ==>  Preparing: SELECT user_id as userId, user_name as userName, birthday, priority, major, head_picture as headPicture, address, tel, qq, mail_address as mailAddress, gender, introduction, credits FROM user_info WHERE tel = ?
2022-03-04 22:24:51.679 == vol == [ http-nio-8080-exec-9 ] - [ DEBUG ] [ c.example.BioBank.Dao.UserInfoDao.getUserInfoByTel : 137 ] - ==> Parameters: 15082361811(String)
2022-03-04 22:24:51.681 == vol == [ http-nio-8080-exec-9 ] - [ DEBUG ] [ c.example.BioBank.Dao.UserInfoDao.getUserInfoByTel : 137 ] - <==      Total: 0
2022-03-04 22:24:51.682 == vol == [ http-nio-8080-exec-9 ] - [ DEBUG ] [ com.example.BioBank.Dao.UserDao.insertUser : 137 ] - ==>  Preparing: INSERT INTO user(password,tel,priority,email) VALUES (?,?,?,?);
2022-03-04 22:24:51.682 == vol == [ http-nio-8080-exec-9 ] - [ DEBUG ] [ com.example.BioBank.Dao.UserDao.insertUser : 137 ] - ==> Parameters: null, 15082361811(String), 0(Integer), null
2022-03-04 22:24:51.994 == vol == [ http-nio-8080-exec-9 ] - [ ERROR ] [ com.example.BioBank.Controller.UserController : 49 ] - [signIn Exception], tel: 15082361811
org.springframework.dao.DataIntegrityViolationException: 
### Error updating database.  Cause: java.sql.SQLIntegrityConstraintViolationException: Column 'password' cannot be null
### The error may exist in com/example/BioBank/Dao/UserDao.java (best guess)
### The error may involve com.example.BioBank.Dao.UserDao.insertUser-Inline
### The error occurred while setting parameters
### SQL: INSERT INTO user(password,tel,priority,email) VALUES (?,?,?,?);
### Cause: java.sql.SQLIntegrityConstraintViolationException: Column 'password' cannot be null
; Column 'password' cannot be null; nested exception is java.sql.SQLIntegrityConstraintViolationException: Column 'password' cannot be null
	at org.springframework.jdbc.support.SQLExceptionSubclassTranslator.doTranslate(SQLExceptionSubclassTranslator.java:87)
	at org.springframework.jdbc.support.AbstractFallbackSQLExceptionTranslator.translate(AbstractFallbackSQLExceptionTranslator.java:70)
	at org.springframework.jdbc.support.AbstractFallbackSQLExceptionTranslator.translate(AbstractFallbackSQLExceptionTranslator.java:79)
	at org.mybatis.spring.MyBatisExceptionTranslator.translateExceptionIfPossible(MyBatisExceptionTranslator.java:88)
	at org.mybatis.spring.SqlSessionTemplate$SqlSessionInterceptor.invoke(SqlSessionTemplate.java:440)
	at com.sun.proxy.$Proxy98.insert(Unknown Source)
	at org.mybatis.spring.SqlSessionTemplate.insert(SqlSessionTemplate.java:271)
	at org.apache.ibatis.binding.MapperMethod.execute(MapperMethod.java:62)
	at org.apache.ibatis.binding.MapperProxy$PlainMethodInvoker.invoke(MapperProxy.java:152)
	at org.apache.ibatis.binding.MapperProxy.invoke(MapperProxy.java:85)
	at com.sun.proxy.$Proxy132.insertUser(Unknown Source)
	at com.example.BioBank.Service.ServiceImpl.UserServiceImpl.signUpByTel(UserServiceImpl.java:119)
	at com.example.BioBank.Controller.UserController.signUp(UserController.java:39)
	at sun.reflect.NativeMethodAccessorImpl.invoke0(Native Method)
	at sun.reflect.NativeMethodAccessorImpl.invoke(NativeMethodAccessorImpl.java:62)
	at sun.reflect.DelegatingMethodAccessorImpl.invoke(DelegatingMethodAccessorImpl.java:43)
	at java.lang.reflect.Method.invoke(Method.java:498)
	at org.springframework.web.method.support.InvocableHandlerMethod.doInvoke(InvocableHandlerMethod.java:197)
	at org.springframework.web.method.support.InvocableHandlerMethod.invokeForRequest(InvocableHandlerMethod.java:141)
	at org.springframework.web.servlet.mvc.method.annotation.ServletInvocableHandlerMethod.invokeAndHandle(ServletInvocableHandlerMethod.java:106)
	at org.springframework.web.servlet.mvc.method.annotation.RequestMappingHandlerAdapter.invokeHandlerMethod(RequestMappingHandlerAdapter.java:893)
	at org.springframework.web.servlet.mvc.method.annotation.RequestMappingHandlerAdapter.handleInternal(RequestMappingHandlerAdapter.java:807)
	at org.springframework.web.servlet.mvc.method.AbstractHandlerMethodAdapter.handle(AbstractHandlerMethodAdapter.java:87)
	at org.springframework.web.servlet.DispatcherServlet.doDispatch(DispatcherServlet.java:1061)
	at org.springframework.web.servlet.DispatcherServlet.doService(DispatcherServlet.java:961)
	at org.springframework.web.servlet.FrameworkServlet.processRequest(FrameworkServlet.java:1006)
	at org.springframework.web.servlet.FrameworkServlet.doPost(FrameworkServlet.java:909)
	at javax.servlet.http.HttpServlet.service(HttpServlet.java:652)
	at org.springframework.web.servlet.FrameworkServlet.service(FrameworkServlet.java:883)
	at javax.servlet.http.HttpServlet.service(HttpServlet.java:733)
	at org.apache.catalina.core.ApplicationFilterChain.internalDoFilter(ApplicationFilterChain.java:231)
	at org.apache.catalina.core.ApplicationFilterChain.doFilter(ApplicationFilterChain.java:166)
	at org.apache.tomcat.websocket.server.WsFilter.doFilter(WsFilter.java:53)
	at org.apache.catalina.core.ApplicationFilterChain.internalDoFilter(ApplicationFilterChain.java:193)
	at org.apache.catalina.core.ApplicationFilterChain.doFilter(ApplicationFilterChain.java:166)
	at org.springframework.web.filter.RequestContextFilter.doFilterInternal(RequestContextFilter.java:100)
	at org.springframework.web.filter.OncePerRequestFilter.doFilter(OncePerRequestFilter.java:119)
	at org.apache.catalina.core.ApplicationFilterChain.internalDoFilter(ApplicationFilterChain.java:193)
	at org.apache.catalina.core.ApplicationFilterChain.doFilter(ApplicationFilterChain.java:166)
	at org.springframework.web.filter.FormContentFilter.doFilterInternal(FormContentFilter.java:93)
	at org.springframework.web.filter.OncePerRequestFilter.doFilter(OncePerRequestFilter.java:119)
	at org.apache.catalina.core.ApplicationFilterChain.internalDoFilter(ApplicationFilterChain.java:193)
	at org.apache.catalina.core.ApplicationFilterChain.doFilter(ApplicationFilterChain.java:166)
	at org.springframework.web.filter.CharacterEncodingFilter.doFilterInternal(CharacterEncodingFilter.java:201)
	at org.springframework.web.filter.OncePerRequestFilter.doFilter(OncePerRequestFilter.java:119)
	at org.apache.catalina.core.ApplicationFilterChain.internalDoFilter(ApplicationFilterChain.java:193)
	at org.apache.catalina.core.ApplicationFilterChain.doFilter(ApplicationFilterChain.java:166)
	at org.apache.catalina.core.StandardWrapperValve.invoke(StandardWrapperValve.java:202)
	at org.apache.catalina.core.StandardContextValve.invoke(StandardContextValve.java:97)
	at org.apache.catalina.authenticator.AuthenticatorBase.invoke(AuthenticatorBase.java:542)
	at org.apache.catalina.core.StandardHostValve.invoke(StandardHostValve.java:143)
	at org.apache.catalina.valves.ErrorReportValve.invoke(ErrorReportValve.java:92)
	at org.apache.catalina.core.StandardEngineValve.invoke(StandardEngineValve.java:78)
	at org.apache.catalina.connector.CoyoteAdapter.service(CoyoteAdapter.java:343)
	at org.apache.coyote.http11.Http11Processor.service(Http11Processor.java:374)
	at org.apache.coyote.AbstractProcessorLight.process(AbstractProcessorLight.java:65)
	at org.apache.coyote.AbstractProtocol$ConnectionHandler.process(AbstractProtocol.java:868)
	at org.apache.tomcat.util.net.NioEndpoint$SocketProcessor.doRun(NioEndpoint.java:1590)
	at org.apache.tomcat.util.net.SocketProcessorBase.run(SocketProcessorBase.java:49)
	at java.util.concurrent.ThreadPoolExecutor.runWorker(ThreadPoolExecutor.java:1149)
	at java.util.concurrent.ThreadPoolExecutor$Worker.run(ThreadPoolExecutor.java:624)
	at org.apache.tomcat.util.threads.TaskThread$WrappingRunnable.run(TaskThread.java:61)
	at java.lang.Thread.run(Thread.java:748)
Caused by: java.sql.SQLIntegrityConstraintViolationException: Column 'password' cannot be null
	at com.mysql.cj.jdbc.exceptions.SQLError.createSQLException(SQLError.java:117)
	at com.mysql.cj.jdbc.exceptions.SQLError.createSQLException(SQLError.java:97)
	at com.mysql.cj.jdbc.exceptions.SQLExceptionsMapping.translateException(SQLExceptionsMapping.java:122)
	at com.mysql.cj.jdbc.ClientPreparedStatement.executeInternal(ClientPreparedStatement.java:953)
	at com.mysql.cj.jdbc.ClientPreparedStatement.execute(ClientPreparedStatement.java:370)
	at com.zaxxer.hikari.pool.ProxyPreparedStatement.execute(ProxyPreparedStatement.java:44)
	at com.zaxxer.hikari.pool.HikariProxyPreparedStatement.execute(HikariProxyPreparedStatement.java)
	at sun.reflect.NativeMethodAccessorImpl.invoke0(Native Method)
	at sun.reflect.NativeMethodAccessorImpl.invoke(NativeMethodAccessorImpl.java:62)
	at sun.reflect.DelegatingMethodAccessorImpl.invoke(DelegatingMethodAccessorImpl.java:43)
	at java.lang.reflect.Method.invoke(Method.java:498)
	at org.apache.ibatis.logging.jdbc.PreparedStatementLogger.invoke(PreparedStatementLogger.java:59)
	at com.sun.proxy.$Proxy149.execute(Unknown Source)
	at org.apache.ibatis.executor.statement.PreparedStatementHandler.update(PreparedStatementHandler.java:47)
	at org.apache.ibatis.executor.statement.RoutingStatementHandler.update(RoutingStatementHandler.java:74)
	at org.apache.ibatis.executor.SimpleExecutor.doUpdate(SimpleExecutor.java:50)
	at org.apache.ibatis.executor.BaseExecutor.update(BaseExecutor.java:117)
	at org.apache.ibatis.executor.CachingExecutor.update(CachingExecutor.java:76)
	at org.apache.ibatis.session.defaults.DefaultSqlSession.update(DefaultSqlSession.java:197)
	at org.apache.ibatis.session.defaults.DefaultSqlSession.insert(DefaultSqlSession.java:184)
	at sun.reflect.NativeMethodAccessorImpl.invoke0(Native Method)
	at sun.reflect.NativeMethodAccessorImpl.invoke(NativeMethodAccessorImpl.java:62)
	at sun.reflect.DelegatingMethodAccessorImpl.invoke(DelegatingMethodAccessorImpl.java:43)
	at java.lang.reflect.Method.invoke(Method.java:498)
	at org.mybatis.spring.SqlSessionTemplate$SqlSessionInterceptor.invoke(SqlSessionTemplate.java:426)
	... 58 common frames omitted
2022-03-04 22:29:40.311 == vol == [ http-nio-8080-exec-3 ] - [ DEBUG ] [ c.example.BioBank.Dao.UserInfoDao.getUserInfoByTel : 137 ] - ==>  Preparing: SELECT user_id as userId, user_name as userName, birthday, priority, major, head_picture as headPicture, address, tel, qq, mail_address as mailAddress, gender, introduction, credits FROM user_info WHERE tel = ?
2022-03-04 22:29:40.311 == vol == [ http-nio-8080-exec-3 ] - [ DEBUG ] [ c.example.BioBank.Dao.UserInfoDao.getUserInfoByTel : 137 ] - ==> Parameters: 15082361811(String)
2022-03-04 22:29:40.312 == vol == [ http-nio-8080-exec-3 ] - [ DEBUG ] [ c.example.BioBank.Dao.UserInfoDao.getUserInfoByTel : 137 ] - <==      Total: 0
2022-03-04 22:29:40.313 == vol == [ http-nio-8080-exec-3 ] - [ DEBUG ] [ com.example.BioBank.Dao.UserDao.insertUser : 137 ] - ==>  Preparing: INSERT INTO user(password,tel,priority,email) VALUES (?,?,?,?);
2022-03-04 22:29:40.313 == vol == [ http-nio-8080-exec-3 ] - [ DEBUG ] [ com.example.BioBank.Dao.UserDao.insertUser : 137 ] - ==> Parameters: null, 15082361811(String), 0(Integer), null
2022-03-04 22:29:40.318 == vol == [ http-nio-8080-exec-3 ] - [ DEBUG ] [ com.example.BioBank.Dao.UserDao.insertUser : 137 ] - <==    Updates: 1
2022-03-04 22:29:40.318 == vol == [ http-nio-8080-exec-3 ] - [ DEBUG ] [ com.example.BioBank.Dao.UserInfoDao.addUserInfo : 137 ] - ==>  Preparing: INSERT INTO user_info(user_name, priority, tel) VALUES(?, ?, ?)
2022-03-04 22:29:40.319 == vol == [ http-nio-8080-exec-3 ] - [ DEBUG ] [ com.example.BioBank.Dao.UserInfoDao.addUserInfo : 137 ] - ==> Parameters: 生物样品库工作人员52697(String), 普通用户(String), 15082361811(String)
2022-03-04 22:29:40.323 == vol == [ http-nio-8080-exec-3 ] - [ DEBUG ] [ com.example.BioBank.Dao.UserInfoDao.addUserInfo : 137 ] - <==    Updates: 1
2022-03-04 22:29:40.328 == vol == [ http-nio-8080-exec-3 ] - [ DEBUG ] [ c.example.BioBank.Dao.UserInfoDao.getUserInfoByTel : 137 ] - ==>  Preparing: SELECT user_id as userId, user_name as userName, birthday, priority, major, head_picture as headPicture, address, tel, qq, mail_address as mailAddress, gender, introduction, credits FROM user_info WHERE tel = ?
2022-03-04 22:29:40.329 == vol == [ http-nio-8080-exec-3 ] - [ DEBUG ] [ c.example.BioBank.Dao.UserInfoDao.getUserInfoByTel : 137 ] - ==> Parameters: 15082361811(String)
2022-03-04 22:29:40.331 == vol == [ http-nio-8080-exec-3 ] - [ DEBUG ] [ c.example.BioBank.Dao.UserInfoDao.getUserInfoByTel : 137 ] - <==      Total: 1
2022-03-04 22:31:36.926 == vol == [ http-nio-8080-exec-5 ] - [ WARN  ] [ com.example.BioBank.Controller.UserController : 96 ] - [updatePassword Illegal Argument], tel: 15082361811, newPassword: 991219
java.lang.IllegalArgumentException: 密码长度大于8且小于20
	at org.apache.commons.lang3.Validate.isTrue(Validate.java:158)
	at com.example.BioBank.Controller.BaseController.validateUserPassword(BaseController.java:61)
	at com.example.BioBank.Controller.UserController.validateUserTelAndPassword(UserController.java:192)
	at com.example.BioBank.Controller.UserController.updatePassword(UserController.java:93)
	at sun.reflect.NativeMethodAccessorImpl.invoke0(Native Method)
	at sun.reflect.NativeMethodAccessorImpl.invoke(NativeMethodAccessorImpl.java:62)
	at sun.reflect.DelegatingMethodAccessorImpl.invoke(DelegatingMethodAccessorImpl.java:43)
	at java.lang.reflect.Method.invoke(Method.java:498)
	at org.springframework.web.method.support.InvocableHandlerMethod.doInvoke(InvocableHandlerMethod.java:197)
	at org.springframework.web.method.support.InvocableHandlerMethod.invokeForRequest(InvocableHandlerMethod.java:141)
	at org.springframework.web.servlet.mvc.method.annotation.ServletInvocableHandlerMethod.invokeAndHandle(ServletInvocableHandlerMethod.java:106)
	at org.springframework.web.servlet.mvc.method.annotation.RequestMappingHandlerAdapter.invokeHandlerMethod(RequestMappingHandlerAdapter.java:893)
	at org.springframework.web.servlet.mvc.method.annotation.RequestMappingHandlerAdapter.handleInternal(RequestMappingHandlerAdapter.java:807)
	at org.springframework.web.servlet.mvc.method.AbstractHandlerMethodAdapter.handle(AbstractHandlerMethodAdapter.java:87)
	at org.springframework.web.servlet.DispatcherServlet.doDispatch(DispatcherServlet.java:1061)
	at org.springframework.web.servlet.DispatcherServlet.doService(DispatcherServlet.java:961)
	at org.springframework.web.servlet.FrameworkServlet.processRequest(FrameworkServlet.java:1006)
	at org.springframework.web.servlet.FrameworkServlet.doPost(FrameworkServlet.java:909)
	at javax.servlet.http.HttpServlet.service(HttpServlet.java:652)
	at org.springframework.web.servlet.FrameworkServlet.service(FrameworkServlet.java:883)
	at javax.servlet.http.HttpServlet.service(HttpServlet.java:733)
	at org.apache.catalina.core.ApplicationFilterChain.internalDoFilter(ApplicationFilterChain.java:231)
	at org.apache.catalina.core.ApplicationFilterChain.doFilter(ApplicationFilterChain.java:166)
	at org.apache.tomcat.websocket.server.WsFilter.doFilter(WsFilter.java:53)
	at org.apache.catalina.core.ApplicationFilterChain.internalDoFilter(ApplicationFilterChain.java:193)
	at org.apache.catalina.core.ApplicationFilterChain.doFilter(ApplicationFilterChain.java:166)
	at org.springframework.web.filter.RequestContextFilter.doFilterInternal(RequestContextFilter.java:100)
	at org.springframework.web.filter.OncePerRequestFilter.doFilter(OncePerRequestFilter.java:119)
	at org.apache.catalina.core.ApplicationFilterChain.internalDoFilter(ApplicationFilterChain.java:193)
	at org.apache.catalina.core.ApplicationFilterChain.doFilter(ApplicationFilterChain.java:166)
	at org.springframework.web.filter.FormContentFilter.doFilterInternal(FormContentFilter.java:93)
	at org.springframework.web.filter.OncePerRequestFilter.doFilter(OncePerRequestFilter.java:119)
	at org.apache.catalina.core.ApplicationFilterChain.internalDoFilter(ApplicationFilterChain.java:193)
	at org.apache.catalina.core.ApplicationFilterChain.doFilter(ApplicationFilterChain.java:166)
	at org.springframework.web.filter.CharacterEncodingFilter.doFilterInternal(CharacterEncodingFilter.java:201)
	at org.springframework.web.filter.OncePerRequestFilter.doFilter(OncePerRequestFilter.java:119)
	at org.apache.catalina.core.ApplicationFilterChain.internalDoFilter(ApplicationFilterChain.java:193)
	at org.apache.catalina.core.ApplicationFilterChain.doFilter(ApplicationFilterChain.java:166)
	at org.apache.catalina.core.StandardWrapperValve.invoke(StandardWrapperValve.java:202)
	at org.apache.catalina.core.StandardContextValve.invoke(StandardContextValve.java:97)
	at org.apache.catalina.authenticator.AuthenticatorBase.invoke(AuthenticatorBase.java:542)
	at org.apache.catalina.core.StandardHostValve.invoke(StandardHostValve.java:143)
	at org.apache.catalina.valves.ErrorReportValve.invoke(ErrorReportValve.java:92)
	at org.apache.catalina.core.StandardEngineValve.invoke(StandardEngineValve.java:78)
	at org.apache.catalina.connector.CoyoteAdapter.service(CoyoteAdapter.java:343)
	at org.apache.coyote.http11.Http11Processor.service(Http11Processor.java:374)
	at org.apache.coyote.AbstractProcessorLight.process(AbstractProcessorLight.java:65)
	at org.apache.coyote.AbstractProtocol$ConnectionHandler.process(AbstractProtocol.java:868)
	at org.apache.tomcat.util.net.NioEndpoint$SocketProcessor.doRun(NioEndpoint.java:1590)
	at org.apache.tomcat.util.net.SocketProcessorBase.run(SocketProcessorBase.java:49)
	at java.util.concurrent.ThreadPoolExecutor.runWorker(ThreadPoolExecutor.java:1149)
	at java.util.concurrent.ThreadPoolExecutor$Worker.run(ThreadPoolExecutor.java:624)
	at org.apache.tomcat.util.threads.TaskThread$WrappingRunnable.run(TaskThread.java:61)
	at java.lang.Thread.run(Thread.java:748)
2022-03-04 22:31:50.597 == vol == [ http-nio-8080-exec-7 ] - [ DEBUG ] [ com.example.BioBank.Dao.UserDao.updatePassword : 137 ] - ==>  Preparing: UPDATE user SET password = ? WHERE tel = ?
2022-03-04 22:31:50.598 == vol == [ http-nio-8080-exec-7 ] - [ DEBUG ] [ com.example.BioBank.Dao.UserDao.updatePassword : 137 ] - ==> Parameters: zwh991219ww520qh(String), 15082361811(String)
2022-03-04 22:31:50.605 == vol == [ http-nio-8080-exec-7 ] - [ DEBUG ] [ com.example.BioBank.Dao.UserDao.updatePassword : 137 ] - <==    Updates: 1
